{
  level: 'info',
  message: 'error in resetPassController >>>>>',
  error: 'res.clearcookie is not a function',
  timestamp: '2025-11-08 16:14:02'
}
{
  level: 'info',
  message: 'Environment variables loaded from .env file',
  timestamp: '2025-11-08 16:15:50'
}
{
  level: 'info',
  message: 'CORS configured to allow requests from http://localhost:3000',
  timestamp: '2025-11-08 16:15:50'
}
{
  level: 'info',
  message: 'Middleware for JSON and URL-encoded data configured',
  timestamp: '2025-11-08 16:15:50'
}
{
  level: 'info',
  message: 'DB Connection Successful',
  timestamp: '2025-11-08 16:15:51'
}
{
  level: 'info',
  message: 'Server Running Fine at http://localhost:8080',
  timestamp: '2025-11-08 16:15:51'
}
{
  level: 'info',
  message: 'Environment variables loaded from .env file',
  timestamp: '2025-11-08 16:15:52'
}
{
  level: 'info',
  message: 'CORS configured to allow requests from http://localhost:3000',
  timestamp: '2025-11-08 16:15:52'
}
{
  level: 'info',
  message: 'Middleware for JSON and URL-encoded data configured',
  timestamp: '2025-11-08 16:15:52'
}
{
  level: 'info',
  message: 'DB Connection Successful',
  timestamp: '2025-11-08 16:15:53'
}
{
  level: 'info',
  message: 'Server Running Fine at http://localhost:8080',
  timestamp: '2025-11-08 16:15:53'
}
{
  level: 'info',
  message: 'send correct oldPassword',
  data: undefined,
  timestamp: '2025-11-08 16:15:58'
}
{
  level: 'info',
  message: 'Password updated successfully',
  data: undefined,
  timestamp: '2025-11-08 16:16:14'
}
{
  level: 'info',
  message: 'user SignupValidator passed >>>',
  timestamp: '2025-11-08 16:16:25'
}
{
  level: 'info',
  message: 'user logged in successfully',
  data: {
    email: 'ratrashubham129@gmail.com',
    name: 'shubham',
    role: 'admin'
  },
  timestamp: '2025-11-08 16:16:25'
}
{
  level: 'info',
  message: 'Password updated successfully',
  data: undefined,
  timestamp: '2025-11-08 16:16:42'
}
{
  level: 'info',
  message: 'user SignupValidator passed >>>',
  timestamp: '2025-11-08 16:17:06'
}
{
  level: 'info',
  message: 'user logged in successfully',
  data: {
    email: 'ratrashubham129@gmail.com',
    name: 'shubham',
    role: 'admin'
  },
  timestamp: '2025-11-08 16:17:06'
}
{
  level: 'info',
  message: 'Password updated successfully',
  data: undefined,
  timestamp: '2025-11-08 16:17:19'
}
{
  level: 'info',
  message: 'unauthorized route',
  data: undefined,
  timestamp: '2025-11-08 16:17:41'
}
{
  level: 'info',
  message: 'user SignupValidator passed >>>',
  timestamp: '2025-11-08 16:17:49'
}
{
  level: 'info',
  message: 'user logged in successfully',
  data: {
    email: 'ratrashubham129@gmail.com',
    name: 'shubham',
    role: 'admin'
  },
  timestamp: '2025-11-08 16:17:49'
}
{
  level: 'info',
  message: 'Password updated successfully',
  data: undefined,
  timestamp: '2025-11-08 16:18:01'
}
